android/build/intermediates/manifest_merge_blame_file/debug/manifest-merger-blame-debug-report.txt
1<?xml version="1.0" encoding="utf-8"?>
2<!--
3 Copyright (C) 2008 ZXing authors
4
5 Licensed under the Apache License, Version 2.0 (the "License");
6 you may not use this file except in compliance with the License.
7 You may obtain a copy of the License at
8
9      http://www.apache.org/licenses/LICENSE-2.0
10
11 Unless required by applicable law or agreed to in writing, software
12 distributed under the License is distributed on an "AS IS" BASIS,
13 WITHOUT WARRANTIES OR CONDITIONS OF ANY KIND, either express or implied.
14 See the License for the specific language governing permissions and
15 limitations under the License.
16-->
17<manifest xmlns:android="http://schemas.android.com/apk/res/android"
18    package="com.google.zxing.client.android"
19    android:installLocation="auto"
20    android:versionCode="108"
21    android:versionName="4.7.8" >
22
23    <uses-sdk
24        android:minSdkVersion="19"
24-->src\main\AndroidManifest.xml
25        android:targetSdkVersion="29" />
25-->src\main\AndroidManifest.xml
26
27    <uses-permission android:name="android.permission.CAMERA" />
27-->src\main\AndroidManifest.xml:23:3-62
27-->src\main\AndroidManifest.xml:23:20-60
28    <uses-permission android:name="android.permission.INTERNET" />
28-->src\main\AndroidManifest.xml:24:3-64
28-->src\main\AndroidManifest.xml:24:20-62
29    <uses-permission android:name="android.permission.VIBRATE" />
29-->src\main\AndroidManifest.xml:25:3-63
29-->src\main\AndroidManifest.xml:25:20-61
30    <uses-permission android:name="android.permission.FLASHLIGHT" />
30-->src\main\AndroidManifest.xml:26:3-66
30-->src\main\AndroidManifest.xml:26:20-64
31    <uses-permission android:name="android.permission.READ_CONTACTS" />
31-->src\main\AndroidManifest.xml:27:3-69
31-->src\main\AndroidManifest.xml:27:20-67
32    <!-- unavailable in API 23 -->
33    <uses-permission android:name="com.android.browser.permission.READ_HISTORY_BOOKMARKS" />
33-->src\main\AndroidManifest.xml:29:3-90
33-->src\main\AndroidManifest.xml:29:20-88
34    <uses-permission android:name="android.permission.WRITE_EXTERNAL_STORAGE" />
34-->src\main\AndroidManifest.xml:30:3-78
34-->src\main\AndroidManifest.xml:30:20-76
35    <uses-permission android:name="android.permission.CHANGE_WIFI_STATE" />
35-->src\main\AndroidManifest.xml:31:3-73
35-->src\main\AndroidManifest.xml:31:20-71
36    <uses-permission android:name="android.permission.ACCESS_WIFI_STATE" />
36-->src\main\AndroidManifest.xml:32:3-73
36-->src\main\AndroidManifest.xml:32:20-71
37
38    <uses-feature android:name="android.hardware.camera.any" />
38-->src\main\AndroidManifest.xml:35:3-61
38-->src\main\AndroidManifest.xml:35:17-59
39    <uses-feature
39-->src\main\AndroidManifest.xml:36:3-92
40        android:name="android.hardware.camera.autofocus"
40-->src\main\AndroidManifest.xml:36:17-65
41        android:required="false" />
41-->src\main\AndroidManifest.xml:36:66-90
42    <uses-feature
42-->src\main\AndroidManifest.xml:37:3-88
43        android:name="android.hardware.camera.flash"
43-->src\main\AndroidManifest.xml:37:17-61
44        android:required="false" />
44-->src\main\AndroidManifest.xml:37:62-86
45    <uses-feature android:name="android.hardware.screen.landscape" />
45-->src\main\AndroidManifest.xml:38:3-67
45-->src\main\AndroidManifest.xml:38:17-65
46    <uses-feature
46-->src\main\AndroidManifest.xml:39:3-80
47        android:name="android.hardware.wifi"
47-->src\main\AndroidManifest.xml:39:17-53
48        android:required="false" />
48-->src\main\AndroidManifest.xml:39:54-78
49
50    <application
50-->src\main\AndroidManifest.xml:41:3-142:17
51        android:allowBackup="true"
51-->src\main\AndroidManifest.xml:44:16-42
52        android:icon="@drawable/launcher_icon"
52-->src\main\AndroidManifest.xml:41:16-54
53        android:label="@string/app_name"
53-->src\main\AndroidManifest.xml:43:16-48
54        android:logo="@drawable/launcher_icon" >
54-->src\main\AndroidManifest.xml:42:16-54
55        <activity
55-->src\main\AndroidManifest.xml:45:5-89:16
56            android:name="com.google.zxing.client.android.CaptureActivity"
56-->src\main\AndroidManifest.xml:45:15-46
57            android:clearTaskOnLaunch="true"
57-->src\main\AndroidManifest.xml:47:15-47
58            android:screenOrientation="portrait"
58-->src\main\AndroidManifest.xml:46:15-51
59            android:stateNotNeeded="true"
59-->src\main\AndroidManifest.xml:48:15-44
60            android:theme="@style/CaptureTheme"
60-->src\main\AndroidManifest.xml:49:15-50
61            android:windowSoftInputMode="stateAlwaysHidden" >
61-->src\main\AndroidManifest.xml:50:15-62
62
63            <!--
64         android:screenOrientation="portrait"  换
65       条形码screenOrientation
66            -->
67
68            <intent-filter>
68-->src\main\AndroidManifest.xml:57:7-60:23
69                <action android:name="com.google.zxing.client.android.SCAN" />
69-->src\main\AndroidManifest.xml:58:9-70
69-->src\main\AndroidManifest.xml:58:17-68
70
71                <category android:name="android.intent.category.DEFAULT" />
71-->src\main\AndroidManifest.xml:59:9-67
71-->src\main\AndroidManifest.xml:59:19-65
72            </intent-filter>
73            <!-- Allow web apps to launch Barcode Scanner by linking to http://zxing.appspot.com/scan. -->
74            <intent-filter>
74-->src\main\AndroidManifest.xml:62:7-67:23
75                <action android:name="android.intent.action.VIEW" />
75-->src\main\AndroidManifest.xml:63:9-60
75-->src\main\AndroidManifest.xml:63:17-58
76
77                <category android:name="android.intent.category.DEFAULT" />
77-->src\main\AndroidManifest.xml:59:9-67
77-->src\main\AndroidManifest.xml:59:19-65
78                <category android:name="android.intent.category.BROWSABLE" />
78-->src\main\AndroidManifest.xml:65:9-69
78-->src\main\AndroidManifest.xml:65:19-67
79
80                <data
80-->src\main\AndroidManifest.xml:66:9-92
81                    android:host="zxing.appspot.com"
81-->src\main\AndroidManifest.xml:66:37-69
82                    android:path="/scan"
82-->src\main\AndroidManifest.xml:66:70-90
83                    android:scheme="http" />
83-->src\main\AndroidManifest.xml:66:15-36
84            </intent-filter>
85            <!-- We also support a Google Product Search URL. -->
86            <intent-filter>
86-->src\main\AndroidManifest.xml:69:7-74:23
87                <action android:name="android.intent.action.VIEW" />
87-->src\main\AndroidManifest.xml:63:9-60
87-->src\main\AndroidManifest.xml:63:17-58
88
89                <category android:name="android.intent.category.DEFAULT" />
89-->src\main\AndroidManifest.xml:59:9-67
89-->src\main\AndroidManifest.xml:59:19-65
90                <category android:name="android.intent.category.BROWSABLE" />
90-->src\main\AndroidManifest.xml:65:9-69
90-->src\main\AndroidManifest.xml:65:19-67
91
92                <data
92-->src\main\AndroidManifest.xml:66:9-92
93                    android:host="www.google.com"
93-->src\main\AndroidManifest.xml:66:37-69
94                    android:path="/m/products/scan"
94-->src\main\AndroidManifest.xml:66:70-90
95                    android:scheme="http" />
95-->src\main\AndroidManifest.xml:66:15-36
96            </intent-filter>
97            <!-- And the UK version. -->
98            <intent-filter>
98-->src\main\AndroidManifest.xml:76:7-81:23
99                <action android:name="android.intent.action.VIEW" />
99-->src\main\AndroidManifest.xml:63:9-60
99-->src\main\AndroidManifest.xml:63:17-58
100
101                <category android:name="android.intent.category.DEFAULT" />
101-->src\main\AndroidManifest.xml:59:9-67
101-->src\main\AndroidManifest.xml:59:19-65
102                <category android:name="android.intent.category.BROWSABLE" />
102-->src\main\AndroidManifest.xml:65:9-69
102-->src\main\AndroidManifest.xml:65:19-67
103
104                <data
104-->src\main\AndroidManifest.xml:66:9-92
105                    android:host="www.google.co.uk"
105-->src\main\AndroidManifest.xml:66:37-69
106                    android:path="/m/products/scan"
106-->src\main\AndroidManifest.xml:66:70-90
107                    android:scheme="http" />
107-->src\main\AndroidManifest.xml:66:15-36
108            </intent-filter>
109            <!-- Support zxing://scan/?... like iPhone app -->
110            <intent-filter>
110-->src\main\AndroidManifest.xml:83:7-88:23
111                <action android:name="android.intent.action.VIEW" />
111-->src\main\AndroidManifest.xml:63:9-60
111-->src\main\AndroidManifest.xml:63:17-58
112
113                <category android:name="android.intent.category.DEFAULT" />
113-->src\main\AndroidManifest.xml:59:9-67
113-->src\main\AndroidManifest.xml:59:19-65
114                <category android:name="android.intent.category.BROWSABLE" />
114-->src\main\AndroidManifest.xml:65:9-69
114-->src\main\AndroidManifest.xml:65:19-67
115
116                <data
116-->src\main\AndroidManifest.xml:66:9-92
117                    android:host="scan"
117-->src\main\AndroidManifest.xml:66:37-69
118                    android:path="/"
118-->src\main\AndroidManifest.xml:66:70-90
119                    android:scheme="zxing" />
119-->src\main\AndroidManifest.xml:66:15-36
120            </intent-filter>
121        </activity>
122        <activity
122-->src\main\AndroidManifest.xml:90:5-92:46
123            android:name="com.google.zxing.client.android.PreferencesActivity"
123-->src\main\AndroidManifest.xml:90:15-50
124            android:label="@string/preferences_name"
124-->src\main\AndroidManifest.xml:91:15-55
125            android:stateNotNeeded="true" />
125-->src\main\AndroidManifest.xml:92:15-44
126        <activity
126-->src\main\AndroidManifest.xml:93:5-111:16
127            android:name="com.google.zxing.client.android.encode.EncodeActivity"
127-->src\main\AndroidManifest.xml:93:15-52
128            android:stateNotNeeded="true" >
128-->src\main\AndroidManifest.xml:94:15-44
129            <intent-filter>
129-->src\main\AndroidManifest.xml:95:7-98:23
130                <action android:name="com.google.zxing.client.android.ENCODE" />
130-->src\main\AndroidManifest.xml:96:9-72
130-->src\main\AndroidManifest.xml:96:17-70
131
132                <category android:name="android.intent.category.DEFAULT" />
132-->src\main\AndroidManifest.xml:59:9-67
132-->src\main\AndroidManifest.xml:59:19-65
133            </intent-filter>
134            <!-- This allows us to handle the Share button in Contacts. -->
135            <intent-filter>
135-->src\main\AndroidManifest.xml:100:7-104:23
136                <action android:name="android.intent.action.SEND" />
136-->src\main\AndroidManifest.xml:101:9-60
136-->src\main\AndroidManifest.xml:101:17-58
137
138                <category android:name="android.intent.category.DEFAULT" />
138-->src\main\AndroidManifest.xml:59:9-67
138-->src\main\AndroidManifest.xml:59:19-65
139
140                <data android:mimeType="text/x-vcard" />
140-->src\main\AndroidManifest.xml:66:9-92
140-->src\main\AndroidManifest.xml:103:15-46
141            </intent-filter>
142            <!-- This allows us to handle sharing any plain text . -->
143            <intent-filter>
143-->src\main\AndroidManifest.xml:106:7-110:23
144                <action android:name="android.intent.action.SEND" />
144-->src\main\AndroidManifest.xml:101:9-60
144-->src\main\AndroidManifest.xml:101:17-58
145
146                <category android:name="android.intent.category.DEFAULT" />
146-->src\main\AndroidManifest.xml:59:9-67
146-->src\main\AndroidManifest.xml:59:19-65
147
148                <data android:mimeType="text/plain" />
148-->src\main\AndroidManifest.xml:66:9-92
148-->src\main\AndroidManifest.xml:103:15-46
149            </intent-filter>
150        </activity>
151        <activity
151-->src\main\AndroidManifest.xml:112:5-120:16
152            android:name="com.google.zxing.client.android.book.SearchBookContentsActivity"
152-->src\main\AndroidManifest.xml:112:15-62
153            android:label="@string/sbc_name"
153-->src\main\AndroidManifest.xml:113:15-47
154            android:screenOrientation="sensorLandscape"
154-->src\main\AndroidManifest.xml:115:15-58
155            android:stateNotNeeded="true" >
155-->src\main\AndroidManifest.xml:114:15-44
156            <intent-filter>
156-->src\main\AndroidManifest.xml:116:7-119:23
157                <action android:name="com.google.zxing.client.android.SEARCH_BOOK_CONTENTS" />
157-->src\main\AndroidManifest.xml:117:9-86
157-->src\main\AndroidManifest.xml:117:17-84
158
159                <category android:name="android.intent.category.DEFAULT" />
159-->src\main\AndroidManifest.xml:59:9-67
159-->src\main\AndroidManifest.xml:59:19-65
160            </intent-filter>
161        </activity>
162        <activity
162-->src\main\AndroidManifest.xml:121:5-128:16
163            android:name="com.google.zxing.client.android.share.ShareActivity"
163-->src\main\AndroidManifest.xml:121:15-50
164            android:screenOrientation="user"
164-->src\main\AndroidManifest.xml:123:15-47
165            android:stateNotNeeded="true" >
165-->src\main\AndroidManifest.xml:122:15-44
166            <intent-filter>
166-->src\main\AndroidManifest.xml:124:7-127:23
167                <action android:name="com.google.zxing.client.android.SHARE" />
167-->src\main\AndroidManifest.xml:125:9-71
167-->src\main\AndroidManifest.xml:125:17-69
168
169                <category android:name="android.intent.category.DEFAULT" />
169-->src\main\AndroidManifest.xml:59:9-67
169-->src\main\AndroidManifest.xml:59:19-65
170            </intent-filter>
171        </activity>
172        <activity
172-->src\main\AndroidManifest.xml:129:5-131:46
173            android:name="com.google.zxing.client.android.history.HistoryActivity"
173-->src\main\AndroidManifest.xml:129:15-54
174            android:label="@string/history_title"
174-->src\main\AndroidManifest.xml:130:15-52
175            android:stateNotNeeded="true" />
175-->src\main\AndroidManifest.xml:131:15-44
176        <activity
176-->src\main\AndroidManifest.xml:132:5-134:46
177            android:name="com.google.zxing.client.android.share.BookmarkPickerActivity"
177-->src\main\AndroidManifest.xml:132:15-59
178            android:label="@string/bookmark_picker_name"
178-->src\main\AndroidManifest.xml:133:15-59
179            android:stateNotNeeded="true" />
179-->src\main\AndroidManifest.xml:134:15-44
180        <activity
180-->src\main\AndroidManifest.xml:135:5-137:46
181            android:name="com.google.zxing.client.android.share.AppPickerActivity"
181-->src\main\AndroidManifest.xml:135:15-54
182            android:label="@string/app_picker_name"
182-->src\main\AndroidManifest.xml:136:15-54
183            android:stateNotNeeded="true" />
183-->src\main\AndroidManifest.xml:137:15-44
184        <activity
184-->src\main\AndroidManifest.xml:138:5-141:46
185            android:name="com.google.zxing.client.android.HelpActivity"
185-->src\main\AndroidManifest.xml:138:15-43
186            android:label="@string/menu_help"
186-->src\main\AndroidManifest.xml:139:15-48
187            android:screenOrientation="user"
187-->src\main\AndroidManifest.xml:140:15-47
188            android:stateNotNeeded="true" />
188-->src\main\AndroidManifest.xml:141:15-44
189    </application>
190
191</manifest>